[Sat Jan 15 15:21:57.137140 2022] [:notice] [pid 9] ModSecurity for Apache/2.9.2 (http://www.modsecurity.org/) configured.
[Sat Jan 15 15:21:57.137214 2022] [:notice] [pid 9] ModSecurity: APR compiled version="1.6.2"; loaded version="1.6.3"
[Sat Jan 15 15:21:57.137219 2022] [:warn] [pid 9] ModSecurity: Loaded APR do not match with compiled!
[Sat Jan 15 15:21:57.137222 2022] [:notice] [pid 9] ModSecurity: PCRE compiled version="8.39 "; loaded version="8.39 2016-06-14"
[Sat Jan 15 15:21:57.137231 2022] [:notice] [pid 9] ModSecurity: LUA compiled version="Lua 5.1"
[Sat Jan 15 15:21:57.137234 2022] [:notice] [pid 9] ModSecurity: YAJL compiled version="2.1.0"
[Sat Jan 15 15:21:57.137236 2022] [:notice] [pid 9] ModSecurity: LIBXML compiled version="2.9.4"
[Sat Jan 15 15:21:57.137239 2022] [:notice] [pid 9] ModSecurity: Status engine is currently disabled, enable it by set SecStatusEngine to On.
AH00558: apache2: Could not reliably determine the server's fully qualified domain name, using 172.17.0.3. Set the 'ServerName' directive globally to suppress this message
[Sat Jan 15 15:21:57.160024 2022] [mpm_prefork:notice] [pid 9] AH00163: Apache/2.4.29 (Ubuntu) configured -- resuming normal operations
[Sat Jan 15 15:21:57.160058 2022] [core:notice] [pid 9] AH00094: Command line: '/usr/sbin/apache2 -D FOREGROUND'
[Sat Jan 15 15:23:52.998219 2022] [php7:error] [pid 11] [client 172.17.0.1:35738] PHP Fatal error:  Uncaught Error: Class 'mysqli' not found in /var/www/html/test.php:8\nStack trace:\n#0 {main}\n  thrown in /var/www/html/test.php on line 8, referer: http://localhost/
[Sat Jan 15 15:24:45.277449 2022] [php7:error] [pid 14] [client 172.17.0.1:35754] PHP Fatal error:  Uncaught Error: Class 'mysqli' not found in /var/www/html/test.php:8\nStack trace:\n#0 {main}\n  thrown in /var/www/html/test.php on line 8, referer: http://localhost/
[Sat Jan 15 15:25:10.417272 2022] [php7:error] [pid 15] [client 172.17.0.1:35758] PHP Fatal error:  Uncaught Error: Class 'mysqli' not found in /var/www/html/test.php:8\nStack trace:\n#0 {main}\n  thrown in /var/www/html/test.php on line 8, referer: http://localhost/
[Sat Jan 15 15:25:50.535979 2022] [php7:error] [pid 14] [client 172.17.0.1:35780] PHP Fatal error:  Uncaught Error: Class 'mysqli' not found in /var/www/html/test.php:8\nStack trace:\n#0 {main}\n  thrown in /var/www/html/test.php on line 8
[Sun Jan 16 05:51:38.557492 2022] [:notice] [pid 9] ModSecurity for Apache/2.9.2 (http://www.modsecurity.org/) configured.
[Sun Jan 16 05:51:38.567807 2022] [:notice] [pid 9] ModSecurity: APR compiled version="1.6.2"; loaded version="1.6.3"
[Sun Jan 16 05:51:38.567830 2022] [:warn] [pid 9] ModSecurity: Loaded APR do not match with compiled!
[Sun Jan 16 05:51:38.567842 2022] [:notice] [pid 9] ModSecurity: PCRE compiled version="8.39 "; loaded version="8.39 2016-06-14"
[Sun Jan 16 05:51:38.567879 2022] [:notice] [pid 9] ModSecurity: LUA compiled version="Lua 5.1"
[Sun Jan 16 05:51:38.567889 2022] [:notice] [pid 9] ModSecurity: YAJL compiled version="2.1.0"
[Sun Jan 16 05:51:38.567899 2022] [:notice] [pid 9] ModSecurity: LIBXML compiled version="2.9.4"
[Sun Jan 16 05:51:38.567909 2022] [:notice] [pid 9] ModSecurity: Status engine is currently disabled, enable it by set SecStatusEngine to On.
AH00558: apache2: Could not reliably determine the server's fully qualified domain name, using 172.17.0.3. Set the 'ServerName' directive globally to suppress this message
[Sun Jan 16 05:51:38.704148 2022] [core:warn] [pid 9] AH00098: pid file /var/run/apache2/apache2.pid overwritten -- Unclean shutdown of previous Apache run?
[Sun Jan 16 05:51:38.706264 2022] [mpm_prefork:notice] [pid 9] AH00163: Apache/2.4.29 (Ubuntu) configured -- resuming normal operations
[Sun Jan 16 05:51:38.706279 2022] [core:notice] [pid 9] AH00094: Command line: '/usr/sbin/apache2 -D FOREGROUND'
